<?xml version="1.0" encoding="UTF-8"?>
<testsuite name="com.spring.docker.DockerApplicationTests" tests="1" skipped="0" failures="0" errors="0" timestamp="2021-04-03T18:30:40" hostname="pop-os" time="0.048">
  <properties/>
  <testcase name="contextLoads()" classname="com.spring.docker.DockerApplicationTests" time="0.048"/>
  <system-out><![CDATA[15:30:36.804 [Test worker] DEBUG org.springframework.test.context.BootstrapUtils - Instantiating CacheAwareContextLoaderDelegate from class [org.springframework.test.context.cache.DefaultCacheAwareContextLoaderDelegate]
15:30:36.813 [Test worker] DEBUG org.springframework.test.context.BootstrapUtils - Instantiating BootstrapContext using constructor [public org.springframework.test.context.support.DefaultBootstrapContext(java.lang.Class,org.springframework.test.context.CacheAwareContextLoaderDelegate)]
15:30:36.838 [Test worker] DEBUG org.springframework.test.context.BootstrapUtils - Instantiating TestContextBootstrapper for test class [com.spring.docker.DockerApplicationTests] from class [org.springframework.boot.test.context.SpringBootTestContextBootstrapper]
15:30:36.850 [Test worker] INFO org.springframework.boot.test.context.SpringBootTestContextBootstrapper - Neither @ContextConfiguration nor @ContextHierarchy found for test class [com.spring.docker.DockerApplicationTests], using SpringBootContextLoader
15:30:36.853 [Test worker] DEBUG org.springframework.test.context.support.AbstractContextLoader - Did not detect default resource location for test class [com.spring.docker.DockerApplicationTests]: class path resource [com/spring/docker/DockerApplicationTests-context.xml] does not exist
15:30:36.853 [Test worker] DEBUG org.springframework.test.context.support.AbstractContextLoader - Did not detect default resource location for test class [com.spring.docker.DockerApplicationTests]: class path resource [com/spring/docker/DockerApplicationTestsContext.groovy] does not exist
15:30:36.853 [Test worker] INFO org.springframework.test.context.support.AbstractContextLoader - Could not detect default resource locations for test class [com.spring.docker.DockerApplicationTests]: no resource found for suffixes {-context.xml, Context.groovy}.
15:30:36.853 [Test worker] INFO org.springframework.test.context.support.AnnotationConfigContextLoaderUtils - Could not detect default configuration classes for test class [com.spring.docker.DockerApplicationTests]: DockerApplicationTests does not declare any static, non-private, non-final, nested classes annotated with @Configuration.
15:30:36.885 [Test worker] DEBUG org.springframework.test.context.support.ActiveProfilesUtils - Could not find an 'annotation declaring class' for annotation type [org.springframework.test.context.ActiveProfiles] and class [com.spring.docker.DockerApplicationTests]
15:30:36.930 [Test worker] DEBUG org.springframework.context.annotation.ClassPathScanningCandidateComponentProvider - Identified candidate component class: file [/home/joaomarcelo/IdeaProjects/docker/build/classes/kotlin/main/com/spring/docker/DockerApplication.class]
15:30:36.931 [Test worker] INFO org.springframework.boot.test.context.SpringBootTestContextBootstrapper - Found @SpringBootConfiguration com.spring.docker.DockerApplication for test class com.spring.docker.DockerApplicationTests
15:30:37.000 [Test worker] DEBUG org.springframework.boot.test.context.SpringBootTestContextBootstrapper - @TestExecutionListeners is not present for class [com.spring.docker.DockerApplicationTests]: using defaults.
15:30:37.001 [Test worker] INFO org.springframework.boot.test.context.SpringBootTestContextBootstrapper - Loaded default TestExecutionListener class names from location [META-INF/spring.factories]: [org.springframework.boot.test.autoconfigure.restdocs.RestDocsTestExecutionListener, org.springframework.boot.test.autoconfigure.web.client.MockRestServiceServerResetTestExecutionListener, org.springframework.boot.test.autoconfigure.web.servlet.MockMvcPrintOnlyOnFailureTestExecutionListener, org.springframework.boot.test.autoconfigure.web.servlet.WebDriverTestExecutionListener, org.springframework.boot.test.autoconfigure.webservices.client.MockWebServiceServerTestExecutionListener, org.springframework.boot.test.mock.mockito.MockitoTestExecutionListener, org.springframework.boot.test.mock.mockito.ResetMocksTestExecutionListener, org.springframework.test.context.web.ServletTestExecutionListener, org.springframework.test.context.support.DirtiesContextBeforeModesTestExecutionListener, org.springframework.test.context.event.ApplicationEventsTestExecutionListener, org.springframework.test.context.support.DependencyInjectionTestExecutionListener, org.springframework.test.context.support.DirtiesContextTestExecutionListener, org.springframework.test.context.transaction.TransactionalTestExecutionListener, org.springframework.test.context.jdbc.SqlScriptsTestExecutionListener, org.springframework.test.context.event.EventPublishingTestExecutionListener]
15:30:37.012 [Test worker] INFO org.springframework.boot.test.context.SpringBootTestContextBootstrapper - Using TestExecutionListeners: [org.springframework.test.context.web.ServletTestExecutionListener@5747cfde, org.springframework.test.context.support.DirtiesContextBeforeModesTestExecutionListener@783187ed, org.springframework.test.context.event.ApplicationEventsTestExecutionListener@4f3933b9, org.springframework.boot.test.mock.mockito.MockitoTestExecutionListener@48463f32, org.springframework.boot.test.autoconfigure.SpringBootDependencyInjectionTestExecutionListener@211620db, org.springframework.test.context.support.DirtiesContextTestExecutionListener@55ecd5fb, org.springframework.test.context.transaction.TransactionalTestExecutionListener@53ce8004, org.springframework.test.context.jdbc.SqlScriptsTestExecutionListener@2a888ae0, org.springframework.test.context.event.EventPublishingTestExecutionListener@3a886792, org.springframework.boot.test.autoconfigure.restdocs.RestDocsTestExecutionListener@9f82e35, org.springframework.boot.test.autoconfigure.web.client.MockRestServiceServerResetTestExecutionListener@2e9141ae, org.springframework.boot.test.autoconfigure.web.servlet.MockMvcPrintOnlyOnFailureTestExecutionListener@40200116, org.springframework.boot.test.autoconfigure.web.servlet.WebDriverTestExecutionListener@39ed5a77, org.springframework.boot.test.autoconfigure.webservices.client.MockWebServiceServerTestExecutionListener@71ac42f9, org.springframework.boot.test.mock.mockito.ResetMocksTestExecutionListener@5514e153]
15:30:37.015 [Test worker] DEBUG org.springframework.test.context.support.AbstractDirtiesContextTestExecutionListener - Before test class: context [DefaultTestContext@85fcef9 testClass = DockerApplicationTests, testInstance = [null], testMethod = [null], testException = [null], mergedContextConfiguration = [WebMergedContextConfiguration@73d3c5af testClass = DockerApplicationTests, locations = '{}', classes = '{class com.spring.docker.DockerApplication}', contextInitializerClasses = '[]', activeProfiles = '{}', propertySourceLocations = '{}', propertySourceProperties = '{org.springframework.boot.test.context.SpringBootTestContextBootstrapper=true}', contextCustomizers = set[org.springframework.boot.test.autoconfigure.actuate.metrics.MetricsExportContextCustomizerFactory$DisableMetricExportContextCustomizer@4404a7d9, org.springframework.boot.test.autoconfigure.properties.PropertyMappingContextCustomizer@0, org.springframework.boot.test.autoconfigure.web.servlet.WebDriverContextCustomizerFactory$Customizer@187c0c25, org.springframework.boot.test.context.filter.ExcludeFilterContextCustomizer@27fd0011, org.springframework.boot.test.json.DuplicateJsonObjectContextCustomizerFactory$DuplicateJsonObjectContextCustomizer@77be7e99, org.springframework.boot.test.mock.mockito.MockitoContextCustomizer@0, org.springframework.boot.test.web.client.TestRestTemplateContextCustomizer@17fb9078, org.springframework.boot.test.context.SpringBootTestArgs@1, org.springframework.boot.test.context.SpringBootTestWebEnvironment@51fc6d5e], resourceBasePath = 'src/main/webapp', contextLoader = 'org.springframework.boot.test.context.SpringBootContextLoader', parent = [null]], attributes = map['org.springframework.test.context.web.ServletTestExecutionListener.activateListener' -> true]], class annotated with @DirtiesContext [false] with mode [null].
15:30:37.036 [Test worker] DEBUG org.springframework.test.context.support.TestPropertySourceUtils - Adding inlined properties to environment: {spring.jmx.enabled=false, org.springframework.boot.test.context.SpringBootTestContextBootstrapper=true}

  .   ____          _            __ _ _
 /\\ / ___'_ __ _ _(_)_ __  __ _ \ \ \ \
( ( )\___ | '_ | '_| | '_ \/ _` | \ \ \ \
 \\/  ___)| |_)| | | | | || (_| |  ) ) ) )
  '  |____| .__|_| |_|_| |_\__, | / / / /
 =========|_|==============|___/=/_/_/_/
 :: Spring Boot ::                (v2.4.4)

2021-04-03 15:30:37.231  INFO 1379 --- [    Test worker] c.spring.docker.DockerApplicationTests   : Starting DockerApplicationTests using Java 1.8.0_282 on pop-os with PID 1379 (started by joaomarcelo in /home/joaomarcelo/IdeaProjects/docker)
2021-04-03 15:30:37.257  INFO 1379 --- [    Test worker] c.spring.docker.DockerApplicationTests   : No active profile set, falling back to default profiles: default
2021-04-03 15:30:37.722  INFO 1379 --- [    Test worker] .s.d.r.c.RepositoryConfigurationDelegate : Bootstrapping Spring Data JPA repositories in DEFAULT mode.
2021-04-03 15:30:37.763  INFO 1379 --- [    Test worker] .s.d.r.c.RepositoryConfigurationDelegate : Finished Spring Data repository scanning in 34 ms. Found 1 JPA repository interfaces.
2021-04-03 15:30:38.255  INFO 1379 --- [    Test worker] o.hibernate.jpa.internal.util.LogHelper  : HHH000204: Processing PersistenceUnitInfo [name: default]
2021-04-03 15:30:38.289  INFO 1379 --- [    Test worker] org.hibernate.Version                    : HHH000412: Hibernate ORM core version 5.4.29.Final
2021-04-03 15:30:38.388  INFO 1379 --- [    Test worker] o.hibernate.annotations.common.Version   : HCANN000001: Hibernate Commons Annotations {5.1.2.Final}
2021-04-03 15:30:38.465  INFO 1379 --- [    Test worker] com.zaxxer.hikari.HikariDataSource       : HikariPool-1 - Starting...
2021-04-03 15:30:38.468  WARN 1379 --- [    Test worker] com.zaxxer.hikari.util.DriverDataSource  : Registered driver with driverClassName=com.mysql.jdbc.Driver was not found, trying direct instantiation.
2021-04-03 15:30:38.766  INFO 1379 --- [    Test worker] com.zaxxer.hikari.HikariDataSource       : HikariPool-1 - Start completed.
2021-04-03 15:30:38.787  INFO 1379 --- [    Test worker] org.hibernate.dialect.Dialect            : HHH000400: Using dialect: org.hibernate.dialect.MySQL8Dialect
2021-04-03 15:30:39.111  INFO 1379 --- [    Test worker] o.h.e.t.j.p.i.JtaPlatformInitiator       : HHH000490: Using JtaPlatform implementation: [org.hibernate.engine.transaction.jta.platform.internal.NoJtaPlatform]
2021-04-03 15:30:39.118  INFO 1379 --- [    Test worker] j.LocalContainerEntityManagerFactoryBean : Initialized JPA EntityManagerFactory for persistence unit 'default'
2021-04-03 15:30:39.694  WARN 1379 --- [    Test worker] JpaBaseConfiguration$JpaWebConfiguration : spring.jpa.open-in-view is enabled by default. Therefore, database queries may be performed during view rendering. Explicitly configure spring.jpa.open-in-view to disable this warning
2021-04-03 15:30:39.859  INFO 1379 --- [    Test worker] o.s.s.concurrent.ThreadPoolTaskExecutor  : Initializing ExecutorService 'applicationTaskExecutor'
2021-04-03 15:30:40.148  INFO 1379 --- [    Test worker] c.spring.docker.DockerApplicationTests   : Started DockerApplicationTests in 3.108 seconds (JVM running for 3.954)
]]></system-out>
  <system-err><![CDATA[Loading class `com.mysql.jdbc.Driver'. This is deprecated. The new driver class is `com.mysql.cj.jdbc.Driver'. The driver is automatically registered via the SPI and manual loading of the driver class is generally unnecessary.
]]></system-err>
</testsuite>
